<?xml version="1.0" encoding="UTF-8"?>
<!-- Generated by org.testng.reporters.JUnitXMLReporter -->
<testsuite ignored="0" hostname="SEZLAP-13554T" failures="0" tests="3" name="Default test" time="7.72" errors="0" timestamp="2024-02-14T16:40:19 IST">
  <testcase classname="testCases.FakeRESTApi" name="TC01CreateAuthors" time="5.275"/>
  <testcase classname="testCases.FakeRESTApi" name="TC02getBooks" time="1.59"/>
  <testcase classname="testCases.FakeRESTApi" name="TC03UpdateId" time="0.619"/>
</testsuite> <!-- Default test -->
