<?xml version="1.0" encoding="UTF-8"?>
<!-- Generated by org.testng.reporters.JUnitXMLReporter -->
<testsuite ignored="3" hostname="SEZLAP-13554T" failures="0" tests="1" name="Default test" time="2.705" errors="0" timestamp="2024-02-15T14:46:27 IST">
  <testcase classname="testCases.FakeRESTApi" name="TC04DeleteBook" time="2.576"/>
  <testcase classname="testCases.FakeRESTApi" name="TC03UpdateId" time="0.0">
    <ignored/>
  </testcase> <!-- TC03UpdateId -->
  <testcase classname="testCases.FakeRESTApi" name="TC02getBooks" time="0.0">
    <ignored/>
  </testcase> <!-- TC02getBooks -->
  <testcase classname="testCases.FakeRESTApi" name="TC01CreateAuthors" time="0.0">
    <ignored/>
  </testcase> <!-- TC01CreateAuthors -->
</testsuite> <!-- Default test -->
