<?xml version="1.0" encoding="UTF-8"?>
<testng-results ignored="0" total="3" passed="3" failed="0" skipped="0">
  <reporter-output>
  </reporter-output>
  <suite started-at="2024-02-14T16:40:12 IST" name="Default suite" finished-at="2024-02-14T16:40:19 IST" duration-ms="7720">
    <groups>
    </groups>
    <test started-at="2024-02-14T16:40:12 IST" name="Default test" finished-at="2024-02-14T16:40:19 IST" duration-ms="7720">
      <class name="testCases.FakeRESTApi">
        <test-method signature="TC01CreateAuthors()[pri:0, instance:testCases.FakeRESTApi@6293e39e]" started-at="2024-02-14T16:40:12 IST" name="TC01CreateAuthors" finished-at="2024-02-14T16:40:17 IST" duration-ms="5275" status="PASS">
          <reporter-output>
          </reporter-output>
        </test-method> <!-- TC01CreateAuthors -->
        <test-method signature="TC02getBooks()[pri:0, instance:testCases.FakeRESTApi@6293e39e]" started-at="2024-02-14T16:40:17 IST" name="TC02getBooks" finished-at="2024-02-14T16:40:19 IST" duration-ms="1590" status="PASS">
          <reporter-output>
          </reporter-output>
        </test-method> <!-- TC02getBooks -->
        <test-method signature="TC03UpdateId()[pri:0, instance:testCases.FakeRESTApi@6293e39e]" started-at="2024-02-14T16:40:19 IST" name="TC03UpdateId" finished-at="2024-02-14T16:40:19 IST" duration-ms="619" status="PASS">
          <reporter-output>
          </reporter-output>
        </test-method> <!-- TC03UpdateId -->
      </class> <!-- testCases.FakeRESTApi -->
    </test> <!-- Default test -->
  </suite> <!-- Default suite -->
</testng-results>
