<?xml version="1.0" encoding="UTF-8"?>
<testng-results ignored="3" total="4" passed="1" failed="0" skipped="0">
  <reporter-output>
  </reporter-output>
  <suite started-at="2024-02-15T14:46:24 IST" name="Default suite" finished-at="2024-02-15T14:46:27 IST" duration-ms="2705">
    <groups>
    </groups>
    <test started-at="2024-02-15T14:46:24 IST" name="Default test" finished-at="2024-02-15T14:46:27 IST" duration-ms="2705">
      <class name="testCases.FakeRESTApi">
        <test-method signature="TC04DeleteBook()[pri:0, instance:testCases.FakeRESTApi@58a4a74d]" started-at="2024-02-15T14:46:24 IST" name="TC04DeleteBook" finished-at="2024-02-15T14:46:27 IST" duration-ms="2576" status="PASS">
          <reporter-output>
          </reporter-output>
        </test-method> <!-- TC04DeleteBook -->
      </class> <!-- testCases.FakeRESTApi -->
    </test> <!-- Default test -->
  </suite> <!-- Default suite -->
</testng-results>
